<?xml version="1.0" encoding="UTF-8"?>
<testng-results ignored="0" total="1" passed="1" failed="0" skipped="0">
  <reporter-output>
  </reporter-output>
  <suite started-at="2023-10-15T14:28:45 EDT" name="Default suite" finished-at="2023-10-15T14:28:51 EDT" duration-ms="6239">
    <groups>
    </groups>
    <test started-at="2023-10-15T14:28:45 EDT" name="Default test" finished-at="2023-10-15T14:28:51 EDT" duration-ms="6239">
      <class name="ABC.LearnG">
        <test-method signature="learnJS()[pri:0, instance:ABC.LearnG@60bd273d]" started-at="2023-10-15T14:28:45 EDT" name="learnJS" finished-at="2023-10-15T14:28:51 EDT" duration-ms="6192" status="PASS">
          <reporter-output>
          </reporter-output>
        </test-method> <!-- learnJS -->
      </class> <!-- ABC.LearnG -->
    </test> <!-- Default test -->
  </suite> <!-- Default suite -->
</testng-results>
